{"/workspaces/DevicePerformanceManagementDataProcessor/server/core/monitoringServer.js": {"path":"/workspaces/DevicePerformanceManagementDataProcessor/server/core/monitoringServer.js","statementMap":{"0":{"start":{"line":1,"column":13},"end":{"line":1,"column":28}},"1":{"start":{"line":4,"column":15},"end":{"line":4,"column":43}},"2":{"start":{"line":5,"column":18},"end":{"line":5,"column":83}},"3":{"start":{"line":7,"column":2},"end":{"line":9,"column":3}},"4":{"start":{"line":8,"column":4},"end":{"line":8,"column":16}},"5":{"start":{"line":11,"column":17},"end":{"line":41,"column":4}},"6":{"start":{"line":12,"column":4},"end":{"line":24,"column":5}},"7":{"start":{"line":13,"column":21},"end":{"line":13,"column":56}},"8":{"start":{"line":14,"column":6},"end":{"line":14,"column":68}},"9":{"start":{"line":15,"column":6},"end":{"line":22,"column":8}},"10":{"start":{"line":23,"column":6},"end":{"line":23,"column":13}},"11":{"start":{"line":26,"column":4},"end":{"line":37,"column":5}},"12":{"start":{"line":27,"column":6},"end":{"line":27,"column":74}},"13":{"start":{"line":28,"column":6},"end":{"line":35,"column":8}},"14":{"start":{"line":36,"column":6},"end":{"line":36,"column":13}},"15":{"start":{"line":39,"column":4},"end":{"line":39,"column":57}},"16":{"start":{"line":40,"column":4},"end":{"line":40,"column":25}},"17":{"start":{"line":43,"column":2},"end":{"line":45,"column":5}},"18":{"start":{"line":44,"column":4},"end":{"line":44,"column":55}},"19":{"start":{"line":47,"column":2},"end":{"line":47,"column":16}},"20":{"start":{"line":50,"column":0},"end":{"line":50,"column":43}}},"fnMap":{"0":{"name":"startMonitoringServer","decl":{"start":{"line":3,"column":9},"end":{"line":3,"column":30}},"loc":{"start":{"line":3,"column":58},"end":{"line":48,"column":1}},"line":3},"1":{"name":"(anonymous_1)","decl":{"start":{"line":11,"column":35},"end":{"line":11,"column":36}},"loc":{"start":{"line":11,"column":49},"end":{"line":41,"column":3}},"line":11},"2":{"name":"(anonymous_2)","decl":{"start":{"line":43,"column":22},"end":{"line":43,"column":23}},"loc":{"start":{"line":43,"column":28},"end":{"line":45,"column":3}},"line":43}},"branchMap":{"0":{"loc":{"start":{"line":4,"column":15},"end":{"line":4,"column":43}},"type":"binary-expr","locations":[{"start":{"line":4,"column":15},"end":{"line":4,"column":35}},{"start":{"line":4,"column":39},"end":{"line":4,"column":43}}],"line":4},"1":{"loc":{"start":{"line":4,"column":16},"end":{"line":4,"column":29}},"type":"binary-expr","locations":[{"start":{"line":4,"column":16},"end":{"line":4,"column":23}},{"start":{"line":4,"column":27},"end":{"line":4,"column":29}}],"line":4},"2":{"loc":{"start":{"line":5,"column":18},"end":{"line":5,"column":83}},"type":"cond-expr","locations":[{"start":{"line":5,"column":61},"end":{"line":5,"column":76}},{"start":{"line":5,"column":79},"end":{"line":5,"column":83}}],"line":5},"3":{"loc":{"start":{"line":5,"column":18},"end":{"line":5,"column":58}},"type":"binary-expr","locations":[{"start":{"line":5,"column":18},"end":{"line":5,"column":25}},{"start":{"line":5,"column":29},"end":{"line":5,"column":58}}],"line":5},"4":{"loc":{"start":{"line":7,"column":2},"end":{"line":9,"column":3}},"type":"if","locations":[{"start":{"line":7,"column":2},"end":{"line":9,"column":3}},{"start":{},"end":{}}],"line":7},"5":{"loc":{"start":{"line":12,"column":4},"end":{"line":24,"column":5}},"type":"if","locations":[{"start":{"line":12,"column":4},"end":{"line":24,"column":5}},{"start":{},"end":{}}],"line":12},"6":{"loc":{"start":{"line":13,"column":21},"end":{"line":13,"column":56}},"type":"cond-expr","locations":[{"start":{"line":13,"column":47},"end":{"line":13,"column":50}},{"start":{"line":13,"column":53},"end":{"line":13,"column":56}}],"line":13},"7":{"loc":{"start":{"line":17,"column":18},"end":{"line":17,"column":66}},"type":"cond-expr","locations":[{"start":{"line":17,"column":44},"end":{"line":17,"column":59}},{"start":{"line":17,"column":62},"end":{"line":17,"column":66}}],"line":17},"8":{"loc":{"start":{"line":26,"column":4},"end":{"line":37,"column":5}},"type":"if","locations":[{"start":{"line":26,"column":4},"end":{"line":37,"column":5}},{"start":{},"end":{}}],"line":26}},"s":{"0":1,"1":0,"2":0,"3":0,"4":0,"5":0,"6":0,"7":0,"8":0,"9":0,"10":0,"11":0,"12":0,"13":0,"14":0,"15":0,"16":0,"17":0,"18":0,"19":0,"20":1},"f":{"0":0,"1":0,"2":0},"b":{"0":[0,0],"1":[0,0],"2":[0,0],"3":[0,0],"4":[0,0],"5":[0,0],"6":[0,0],"7":[0,0],"8":[0,0]},"_coverageSchema":"1a1c01bbd47fc00a2c39e90264f33305004495a9","hash":"6fc4434d40317935eb5bd54386db4df484426821"}
,"/workspaces/DevicePerformanceManagementDataProcessor/server/genericFunctions/p1FieldsFilter/P1FieldsFilter.js": {"path":"/workspaces/DevicePerformanceManagementDataProcessor/server/genericFunctions/p1FieldsFilter/P1FieldsFilter.js","statementMap":{"0":{"start":{"line":1,"column":30},"end":{"line":1,"column":65}},"1":{"start":{"line":16,"column":2},"end":{"line":18,"column":3}},"2":{"start":{"line":17,"column":4},"end":{"line":17,"column":50}},"3":{"start":{"line":20,"column":32},"end":{"line":23,"column":3}},"4":{"start":{"line":25,"column":2},"end":{"line":25,"column":35}},"5":{"start":{"line":28,"column":0},"end":{"line":28,"column":25}}},"fnMap":{"0":{"name":"run","decl":{"start":{"line":15,"column":15},"end":{"line":15,"column":18}},"loc":{"start":{"line":15,"column":28},"end":{"line":26,"column":1}},"line":15}},"branchMap":{"0":{"loc":{"start":{"line":16,"column":2},"end":{"line":18,"column":3}},"type":"if","locations":[{"start":{"line":16,"column":2},"end":{"line":18,"column":3}},{"start":{},"end":{}}],"line":16},"1":{"loc":{"start":{"line":22,"column":4},"end":{"line":22,"column":36}},"type":"binary-expr","locations":[{"start":{"line":22,"column":4},"end":{"line":22,"column":30}},{"start":{"line":22,"column":34},"end":{"line":22,"column":36}}],"line":22}},"s":{"0":1,"1":5,"2":1,"3":4,"4":4,"5":1},"f":{"0":5},"b":{"0":[1,4],"1":[4,2]},"_coverageSchema":"1a1c01bbd47fc00a2c39e90264f33305004495a9","hash":"0ea88d7cff81a5114ac1ef159c0587266450f734"}
,"/workspaces/DevicePerformanceManagementDataProcessor/server/infra/redis/redisClient.js": {"path":"/workspaces/DevicePerformanceManagementDataProcessor/server/infra/redis/redisClient.js","statementMap":{"0":{"start":{"line":1,"column":25},"end":{"line":1,"column":41}},"1":{"start":{"line":6,"column":2},"end":{"line":8,"column":3}},"2":{"start":{"line":7,"column":4},"end":{"line":7,"column":33}},"3":{"start":{"line":10,"column":2},"end":{"line":19,"column":3}},"4":{"start":{"line":11,"column":18},"end":{"line":14,"column":25}},"5":{"start":{"line":13,"column":18},"end":{"line":13,"column":26}},"6":{"start":{"line":16,"column":4},"end":{"line":18,"column":5}},"7":{"start":{"line":17,"column":6},"end":{"line":17,"column":19}},"8":{"start":{"line":21,"column":2},"end":{"line":21,"column":34}},"9":{"start":{"line":25,"column":2},"end":{"line":27,"column":3}},"10":{"start":{"line":26,"column":4},"end":{"line":26,"column":18}},"11":{"start":{"line":29,"column":2},"end":{"line":38,"column":5}},"12":{"start":{"line":33,"column":21},"end":{"line":33,"column":71}},"13":{"start":{"line":34,"column":20},"end":{"line":34,"column":70}},"14":{"start":{"line":35,"column":8},"end":{"line":35,"column":58}},"15":{"start":{"line":40,"column":2},"end":{"line":42,"column":5}},"16":{"start":{"line":41,"column":4},"end":{"line":41,"column":63}},"17":{"start":{"line":44,"column":2},"end":{"line":46,"column":5}},"18":{"start":{"line":45,"column":4},"end":{"line":45,"column":51}},"19":{"start":{"line":48,"column":2},"end":{"line":48,"column":25}},"20":{"start":{"line":49,"column":2},"end":{"line":49,"column":16}},"21":{"start":{"line":52,"column":0},"end":{"line":52,"column":36}}},"fnMap":{"0":{"name":"buildRedisUrl","decl":{"start":{"line":5,"column":9},"end":{"line":5,"column":22}},"loc":{"start":{"line":5,"column":25},"end":{"line":22,"column":1}},"line":5},"1":{"name":"(anonymous_1)","decl":{"start":{"line":13,"column":11},"end":{"line":13,"column":12}},"loc":{"start":{"line":13,"column":18},"end":{"line":13,"column":26}},"line":13},"2":{"name":"getRedisClient","decl":{"start":{"line":24,"column":15},"end":{"line":24,"column":29}},"loc":{"start":{"line":24,"column":38},"end":{"line":50,"column":1}},"line":24},"3":{"name":"(anonymous_3)","decl":{"start":{"line":32,"column":6},"end":{"line":32,"column":7}},"loc":{"start":{"line":32,"column":33},"end":{"line":36,"column":7}},"line":32},"4":{"name":"(anonymous_4)","decl":{"start":{"line":40,"column":21},"end":{"line":40,"column":22}},"loc":{"start":{"line":40,"column":32},"end":{"line":42,"column":3}},"line":40},"5":{"name":"(anonymous_5)","decl":{"start":{"line":44,"column":28},"end":{"line":44,"column":29}},"loc":{"start":{"line":44,"column":34},"end":{"line":46,"column":3}},"line":44}},"branchMap":{"0":{"loc":{"start":{"line":6,"column":2},"end":{"line":8,"column":3}},"type":"if","locations":[{"start":{"line":6,"column":2},"end":{"line":8,"column":3}},{"start":{},"end":{}}],"line":6},"1":{"loc":{"start":{"line":10,"column":2},"end":{"line":19,"column":3}},"type":"if","locations":[{"start":{"line":10,"column":2},"end":{"line":19,"column":3}},{"start":{},"end":{}}],"line":10},"2":{"loc":{"start":{"line":16,"column":4},"end":{"line":18,"column":5}},"type":"if","locations":[{"start":{"line":16,"column":4},"end":{"line":18,"column":5}},{"start":{},"end":{}}],"line":16},"3":{"loc":{"start":{"line":25,"column":2},"end":{"line":27,"column":3}},"type":"if","locations":[{"start":{"line":25,"column":2},"end":{"line":27,"column":3}},{"start":{},"end":{}}],"line":25},"4":{"loc":{"start":{"line":25,"column":6},"end":{"line":25,"column":29}},"type":"binary-expr","locations":[{"start":{"line":25,"column":6},"end":{"line":25,"column":12}},{"start":{"line":25,"column":16},"end":{"line":25,"column":29}}],"line":25},"5":{"loc":{"start":{"line":33,"column":28},"end":{"line":33,"column":70}},"type":"binary-expr","locations":[{"start":{"line":33,"column":28},"end":{"line":33,"column":63}},{"start":{"line":33,"column":67},"end":{"line":33,"column":70}}],"line":33},"6":{"loc":{"start":{"line":34,"column":27},"end":{"line":34,"column":69}},"type":"binary-expr","locations":[{"start":{"line":34,"column":27},"end":{"line":34,"column":61}},{"start":{"line":34,"column":65},"end":{"line":34,"column":69}}],"line":34},"7":{"loc":{"start":{"line":41,"column":5},"end":{"line":41,"column":22}},"type":"binary-expr","locations":[{"start":{"line":41,"column":5},"end":{"line":41,"column":11}},{"start":{"line":41,"column":15},"end":{"line":41,"column":22}}],"line":41},"8":{"loc":{"start":{"line":45,"column":5},"end":{"line":45,"column":22}},"type":"binary-expr","locations":[{"start":{"line":45,"column":5},"end":{"line":45,"column":11}},{"start":{"line":45,"column":15},"end":{"line":45,"column":22}}],"line":45}},"s":{"0":1,"1":0,"2":0,"3":0,"4":0,"5":0,"6":0,"7":0,"8":0,"9":0,"10":0,"11":0,"12":0,"13":0,"14":0,"15":0,"16":0,"17":0,"18":0,"19":0,"20":0,"21":1},"f":{"0":0,"1":0,"2":0,"3":0,"4":0,"5":0},"b":{"0":[0,0],"1":[0,0],"2":[0,0],"3":[0,0],"4":[0,0],"5":[0,0],"6":[0,0],"7":[0,0],"8":[0,0]},"_coverageSchema":"1a1c01bbd47fc00a2c39e90264f33305004495a9","hash":"4a94d590d3f5721eefb2c8d90d98475d3e17ec8d"}
,"/workspaces/DevicePerformanceManagementDataProcessor/server/infra/redis/redisLock.js": {"path":"/workspaces/DevicePerformanceManagementDataProcessor/server/infra/redis/redisLock.js","statementMap":{"0":{"start":{"line":1,"column":15},"end":{"line":1,"column":32}},"1":{"start":{"line":2,"column":27},"end":{"line":2,"column":51}},"2":{"start":{"line":5,"column":16},"end":{"line":5,"column":44}},"3":{"start":{"line":6,"column":16},"end":{"line":6,"column":35}},"4":{"start":{"line":7,"column":17},"end":{"line":7,"column":73}},"5":{"start":{"line":8,"column":2},"end":{"line":8,"column":40}},"6":{"start":{"line":12,"column":16},"end":{"line":12,"column":44}},"7":{"start":{"line":13,"column":18},"end":{"line":13,"column":42}},"8":{"start":{"line":15,"column":2},"end":{"line":15,"column":38}},"9":{"start":{"line":15,"column":25},"end":{"line":15,"column":38}},"10":{"start":{"line":17,"column":17},"end":{"line":17,"column":73}},"11":{"start":{"line":18,"column":2},"end":{"line":18,"column":25}},"12":{"start":{"line":22,"column":16},"end":{"line":22,"column":44}},"13":{"start":{"line":23,"column":18},"end":{"line":23,"column":42}},"14":{"start":{"line":25,"column":2},"end":{"line":27,"column":3}},"15":{"start":{"line":26,"column":4},"end":{"line":26,"column":29}},"16":{"start":{"line":30,"column":0},"end":{"line":30,"column":57}}},"fnMap":{"0":{"name":"acquireLock","decl":{"start":{"line":4,"column":15},"end":{"line":4,"column":26}},"loc":{"start":{"line":4,"column":51},"end":{"line":9,"column":1}},"line":4},"1":{"name":"renewLock","decl":{"start":{"line":11,"column":15},"end":{"line":11,"column":24}},"loc":{"start":{"line":11,"column":56},"end":{"line":19,"column":1}},"line":11},"2":{"name":"releaseLock","decl":{"start":{"line":21,"column":15},"end":{"line":21,"column":26}},"loc":{"start":{"line":21,"column":51},"end":{"line":28,"column":1}},"line":21}},"branchMap":{"0":{"loc":{"start":{"line":8,"column":9},"end":{"line":8,"column":39}},"type":"cond-expr","locations":[{"start":{"line":8,"column":27},"end":{"line":8,"column":32}},{"start":{"line":8,"column":35},"end":{"line":8,"column":39}}],"line":8},"1":{"loc":{"start":{"line":15,"column":2},"end":{"line":15,"column":38}},"type":"if","locations":[{"start":{"line":15,"column":2},"end":{"line":15,"column":38}},{"start":{},"end":{}}],"line":15},"2":{"loc":{"start":{"line":25,"column":2},"end":{"line":27,"column":3}},"type":"if","locations":[{"start":{"line":25,"column":2},"end":{"line":27,"column":3}},{"start":{},"end":{}}],"line":25}},"s":{"0":1,"1":1,"2":0,"3":0,"4":0,"5":0,"6":0,"7":0,"8":0,"9":0,"10":0,"11":0,"12":0,"13":0,"14":0,"15":0,"16":1},"f":{"0":0,"1":0,"2":0},"b":{"0":[0,0],"1":[0,0],"2":[0,0]},"_coverageSchema":"1a1c01bbd47fc00a2c39e90264f33305004495a9","hash":"d4a7e3f99bfa15936ab74874eb64de77f64038f2"}
,"/workspaces/DevicePerformanceManagementDataProcessor/server/specificFunctions/p1StreamPmData/P1StreamPmData.js": {"path":"/workspaces/DevicePerformanceManagementDataProcessor/server/specificFunctions/p1StreamPmData/P1StreamPmData.js","statementMap":{"0":{"start":{"line":1,"column":11},"end":{"line":1,"column":24}},"1":{"start":{"line":2,"column":15},"end":{"line":2,"column":32}},"2":{"start":{"line":3,"column":51},"end":{"line":3,"column":86}},"3":{"start":{"line":4,"column":37},"end":{"line":4,"column":75}},"4":{"start":{"line":5,"column":18},"end":{"line":5,"column":46}},"5":{"start":{"line":6,"column":30},"end":{"line":6,"column":59}},"6":{"start":{"line":7,"column":21},"end":{"line":7,"column":51}},"7":{"start":{"line":8,"column":37},"end":{"line":8,"column":75}},"8":{"start":{"line":9,"column":34},"end":{"line":9,"column":72}},"9":{"start":{"line":11,"column":37},"end":{"line":11,"column":88}},"10":{"start":{"line":12,"column":32},"end":{"line":12,"column":74}},"11":{"start":{"line":14,"column":25},"end":{"line":14,"column":92}},"12":{"start":{"line":15,"column":27},"end":{"line":15,"column":98}},"13":{"start":{"line":16,"column":20},"end":{"line":16,"column":77}},"14":{"start":{"line":18,"column":21},"end":{"line":18,"column":59}},"15":{"start":{"line":19,"column":35},"end":{"line":19,"column":85}},"16":{"start":{"line":20,"column":43},"end":{"line":20,"column":104}},"17":{"start":{"line":21,"column":41},"end":{"line":21,"column":91}},"18":{"start":{"line":22,"column":33},"end":{"line":22,"column":80}},"19":{"start":{"line":24,"column":15},"end":{"line":24,"column":69}},"20":{"start":{"line":25,"column":17},"end":{"line":25,"column":31}},"21":{"start":{"line":29,"column":20},"end":{"line":29,"column":40}},"22":{"start":{"line":30,"column":18},"end":{"line":30,"column":52}},"23":{"start":{"line":31,"column":31},"end":{"line":33,"column":5}},"24":{"start":{"line":35,"column":4},"end":{"line":55,"column":5}},"25":{"start":{"line":36,"column":22},"end":{"line":36,"column":71}},"26":{"start":{"line":38,"column":8},"end":{"line":41,"column":9}},"27":{"start":{"line":39,"column":12},"end":{"line":39,"column":31}},"28":{"start":{"line":40,"column":12},"end":{"line":40,"column":21}},"29":{"start":{"line":43,"column":8},"end":{"line":52,"column":9}},"30":{"start":{"line":44,"column":12},"end":{"line":49,"column":15}},"31":{"start":{"line":51,"column":12},"end":{"line":51,"column":78}},"32":{"start":{"line":54,"column":8},"end":{"line":54,"column":54}},"33":{"start":{"line":71,"column":19},"end":{"line":71,"column":21}},"34":{"start":{"line":73,"column":24},"end":{"line":73,"column":49}},"35":{"start":{"line":74,"column":22},"end":{"line":74,"column":47}},"36":{"start":{"line":75,"column":24},"end":{"line":75,"column":51}},"37":{"start":{"line":77,"column":21},"end":{"line":77,"column":77}},"38":{"start":{"line":79,"column":2},"end":{"line":81,"column":5}},"39":{"start":{"line":88,"column":17},"end":{"line":90,"column":4}},"40":{"start":{"line":92,"column":39},"end":{"line":92,"column":96}},"41":{"start":{"line":93,"column":32},"end":{"line":93,"column":82}},"42":{"start":{"line":94,"column":40},"end":{"line":94,"column":98}},"43":{"start":{"line":95,"column":36},"end":{"line":95,"column":90}},"44":{"start":{"line":96,"column":40},"end":{"line":96,"column":98}},"45":{"start":{"line":97,"column":33},"end":{"line":97,"column":84}},"46":{"start":{"line":99,"column":23},"end":{"line":105,"column":13}},"47":{"start":{"line":107,"column":30},"end":{"line":113,"column":13}},"48":{"start":{"line":115,"column":26},"end":{"line":121,"column":13}},"49":{"start":{"line":123,"column":28},"end":{"line":129,"column":13}},"50":{"start":{"line":131,"column":2},"end":{"line":138,"column":4}},"51":{"start":{"line":140,"column":34},"end":{"line":140,"column":84}},"52":{"start":{"line":142,"column":2},"end":{"line":142,"column":53}},"53":{"start":{"line":144,"column":20},"end":{"line":148,"column":4}},"54":{"start":{"line":151,"column":2},"end":{"line":161,"column":105}},"55":{"start":{"line":161,"column":22},"end":{"line":161,"column":103}},"56":{"start":{"line":171,"column":2},"end":{"line":182,"column":70}},"57":{"start":{"line":182,"column":22},"end":{"line":182,"column":68}},"58":{"start":{"line":195,"column":2},"end":{"line":202,"column":76}},"59":{"start":{"line":202,"column":22},"end":{"line":202,"column":74}},"60":{"start":{"line":204,"column":2},"end":{"line":208,"column":4}},"61":{"start":{"line":211,"column":0},"end":{"line":211,"column":25}}},"fnMap":{"0":{"name":"startCleanupLeaderLoop","decl":{"start":{"line":28,"column":15},"end":{"line":28,"column":37}},"loc":{"start":{"line":28,"column":47},"end":{"line":56,"column":1}},"line":28},"1":{"name":"(anonymous_1)","decl":{"start":{"line":51,"column":68},"end":{"line":51,"column":69}},"loc":{"start":{"line":51,"column":74},"end":{"line":51,"column":76}},"line":51},"2":{"name":"run","decl":{"start":{"line":70,"column":15},"end":{"line":70,"column":18}},"loc":{"start":{"line":70,"column":21},"end":{"line":209,"column":1}},"line":70},"3":{"name":"(anonymous_3)","decl":{"start":{"line":161,"column":11},"end":{"line":161,"column":12}},"loc":{"start":{"line":161,"column":22},"end":{"line":161,"column":103}},"line":161},"4":{"name":"(anonymous_4)","decl":{"start":{"line":182,"column":11},"end":{"line":182,"column":12}},"loc":{"start":{"line":182,"column":22},"end":{"line":182,"column":68}},"line":182},"5":{"name":"(anonymous_5)","decl":{"start":{"line":202,"column":11},"end":{"line":202,"column":12}},"loc":{"start":{"line":202,"column":22},"end":{"line":202,"column":74}},"line":202}},"branchMap":{"0":{"loc":{"start":{"line":30,"column":18},"end":{"line":30,"column":52}},"type":"binary-expr","locations":[{"start":{"line":30,"column":18},"end":{"line":30,"column":42}},{"start":{"line":30,"column":46},"end":{"line":30,"column":52}}],"line":30},"1":{"loc":{"start":{"line":38,"column":8},"end":{"line":41,"column":9}},"type":"if","locations":[{"start":{"line":38,"column":8},"end":{"line":41,"column":9}},{"start":{},"end":{}}],"line":38},"2":{"loc":{"start":{"line":73,"column":24},"end":{"line":73,"column":49}},"type":"binary-expr","locations":[{"start":{"line":73,"column":24},"end":{"line":73,"column":43}},{"start":{"line":73,"column":47},"end":{"line":73,"column":49}}],"line":73},"3":{"loc":{"start":{"line":74,"column":22},"end":{"line":74,"column":47}},"type":"binary-expr","locations":[{"start":{"line":74,"column":22},"end":{"line":74,"column":41}},{"start":{"line":74,"column":45},"end":{"line":74,"column":47}}],"line":74},"4":{"loc":{"start":{"line":75,"column":24},"end":{"line":75,"column":51}},"type":"binary-expr","locations":[{"start":{"line":75,"column":24},"end":{"line":75,"column":45}},{"start":{"line":75,"column":49},"end":{"line":75,"column":51}}],"line":75},"5":{"loc":{"start":{"line":80,"column":21},"end":{"line":80,"column":85}},"type":"binary-expr","locations":[{"start":{"line":80,"column":22},"end":{"line":80,"column":75}},{"start":{"line":80,"column":80},"end":{"line":80,"column":85}}],"line":80},"6":{"loc":{"start":{"line":80,"column":23},"end":{"line":80,"column":58}},"type":"binary-expr","locations":[{"start":{"line":80,"column":23},"end":{"line":80,"column":52}},{"start":{"line":80,"column":56},"end":{"line":80,"column":58}}],"line":80},"7":{"loc":{"start":{"line":80,"column":24},"end":{"line":80,"column":43}},"type":"binary-expr","locations":[{"start":{"line":80,"column":24},"end":{"line":80,"column":37}},{"start":{"line":80,"column":41},"end":{"line":80,"column":43}}],"line":80},"8":{"loc":{"start":{"line":158,"column":38},"end":{"line":158,"column":99}},"type":"binary-expr","locations":[{"start":{"line":158,"column":38},"end":{"line":158,"column":90}},{"start":{"line":158,"column":94},"end":{"line":158,"column":99}}],"line":158},"9":{"loc":{"start":{"line":159,"column":34},"end":{"line":159,"column":91}},"type":"binary-expr","locations":[{"start":{"line":159,"column":34},"end":{"line":159,"column":82}},{"start":{"line":159,"column":86},"end":{"line":159,"column":91}}],"line":159},"10":{"loc":{"start":{"line":160,"column":22},"end":{"line":160,"column":59}},"type":"binary-expr","locations":[{"start":{"line":160,"column":22},"end":{"line":160,"column":50}},{"start":{"line":160,"column":54},"end":{"line":160,"column":59}}],"line":160},"11":{"loc":{"start":{"line":161,"column":78},"end":{"line":161,"column":100}},"type":"binary-expr","locations":[{"start":{"line":161,"column":78},"end":{"line":161,"column":91}},{"start":{"line":161,"column":95},"end":{"line":161,"column":100}}],"line":161},"12":{"loc":{"start":{"line":175,"column":24},"end":{"line":175,"column":54}},"type":"binary-expr","locations":[{"start":{"line":175,"column":24},"end":{"line":175,"column":49}},{"start":{"line":175,"column":53},"end":{"line":175,"column":54}}],"line":175},"13":{"loc":{"start":{"line":180,"column":31},"end":{"line":180,"column":70}},"type":"binary-expr","locations":[{"start":{"line":180,"column":31},"end":{"line":180,"column":61}},{"start":{"line":180,"column":65},"end":{"line":180,"column":70}}],"line":180},"14":{"loc":{"start":{"line":181,"column":30},"end":{"line":181,"column":69}},"type":"binary-expr","locations":[{"start":{"line":181,"column":30},"end":{"line":181,"column":61}},{"start":{"line":181,"column":65},"end":{"line":181,"column":69}}],"line":181},"15":{"loc":{"start":{"line":200,"column":25},"end":{"line":200,"column":61}},"type":"binary-expr","locations":[{"start":{"line":200,"column":25},"end":{"line":200,"column":52}},{"start":{"line":200,"column":56},"end":{"line":200,"column":61}}],"line":200},"16":{"loc":{"start":{"line":201,"column":31},"end":{"line":201,"column":70}},"type":"binary-expr","locations":[{"start":{"line":201,"column":31},"end":{"line":201,"column":61}},{"start":{"line":201,"column":65},"end":{"line":201,"column":70}}],"line":201}},"s":{"0":1,"1":1,"2":1,"3":1,"4":1,"5":1,"6":1,"7":1,"8":1,"9":1,"10":1,"11":1,"12":1,"13":1,"14":1,"15":1,"16":1,"17":1,"18":1,"19":1,"20":1,"21":0,"22":0,"23":0,"24":0,"25":0,"26":0,"27":0,"28":0,"29":0,"30":0,"31":0,"32":0,"33":1,"34":1,"35":1,"36":1,"37":1,"38":1,"39":1,"40":1,"41":1,"42":1,"43":1,"44":1,"45":1,"46":1,"47":1,"48":1,"49":1,"50":1,"51":1,"52":1,"53":1,"54":1,"55":0,"56":1,"57":0,"58":1,"59":0,"60":1,"61":1},"f":{"0":0,"1":0,"2":1,"3":0,"4":0,"5":0},"b":{"0":[0,0],"1":[0,0],"2":[1,0],"3":[1,0],"4":[1,0],"5":[1,1],"6":[1,0],"7":[1,0],"8":[1,1],"9":[1,1],"10":[1,1],"11":[0,0],"12":[1,1],"13":[1,1],"14":[1,1],"15":[1,1],"16":[1,1]},"_coverageSchema":"1a1c01bbd47fc00a2c39e90264f33305004495a9","hash":"e78d575a44ca68d2f41a59672d527f8065d52de5"}
,"/workspaces/DevicePerformanceManagementDataProcessor/server/specificFunctions/p1StreamPmData/p1MaintainDs/P1MaintainDs.js": {"path":"/workspaces/DevicePerformanceManagementDataProcessor/server/specificFunctions/p1StreamPmData/p1MaintainDs/P1MaintainDs.js","statementMap":{"0":{"start":{"line":6,"column":0},"end":{"line":6,"column":25}}},"fnMap":{"0":{"name":"run","decl":{"start":{"line":2,"column":15},"end":{"line":2,"column":18}},"loc":{"start":{"line":2,"column":28},"end":{"line":4,"column":1}},"line":2}},"branchMap":{},"s":{"0":1},"f":{"0":0},"b":{},"_coverageSchema":"1a1c01bbd47fc00a2c39e90264f33305004495a9","hash":"4005d5e599f2b49e5f0bb9fac5e9d5ae70b3ba2c"}
,"/workspaces/DevicePerformanceManagementDataProcessor/server/specificFunctions/p1StreamPmData/p1ProcessDevice/p1CreateResultCc/P1CreateResultCc.js": {"path":"/workspaces/DevicePerformanceManagementDataProcessor/server/specificFunctions/p1StreamPmData/p1ProcessDevice/p1CreateResultCc/P1CreateResultCc.js","statementMap":{"0":{"start":{"line":2,"column":2},"end":{"line":2,"column":43}},"1":{"start":{"line":6,"column":32},"end":{"line":6,"column":36}},"2":{"start":{"line":7,"column":34},"end":{"line":7,"column":38}},"3":{"start":{"line":9,"column":2},"end":{"line":28,"column":3}},"4":{"start":{"line":11,"column":6},"end":{"line":11,"column":83}},"5":{"start":{"line":13,"column":24},"end":{"line":13,"column":88}},"6":{"start":{"line":15,"column":4},"end":{"line":17,"column":5}},"7":{"start":{"line":16,"column":6},"end":{"line":16,"column":15}},"8":{"start":{"line":19,"column":4},"end":{"line":21,"column":5}},"9":{"start":{"line":20,"column":6},"end":{"line":20,"column":46}},"10":{"start":{"line":23,"column":4},"end":{"line":27,"column":5}},"11":{"start":{"line":24,"column":6},"end":{"line":26,"column":7}},"12":{"start":{"line":25,"column":8},"end":{"line":25,"column":50}},"13":{"start":{"line":30,"column":2},"end":{"line":33,"column":4}},"14":{"start":{"line":50,"column":2},"end":{"line":135,"column":3}},"15":{"start":{"line":51,"column":53},"end":{"line":51,"column":60}},"16":{"start":{"line":53,"column":4},"end":{"line":62,"column":5}},"17":{"start":{"line":54,"column":6},"end":{"line":60,"column":8}},"18":{"start":{"line":61,"column":6},"end":{"line":61,"column":60}},"19":{"start":{"line":64,"column":21},"end":{"line":64,"column":33}},"20":{"start":{"line":65,"column":34},"end":{"line":65,"column":36}},"21":{"start":{"line":67,"column":4},"end":{"line":116,"column":5}},"22":{"start":{"line":68,"column":36},"end":{"line":68,"column":40}},"23":{"start":{"line":69,"column":38},"end":{"line":69,"column":42}},"24":{"start":{"line":71,"column":6},"end":{"line":109,"column":7}},"25":{"start":{"line":72,"column":22},"end":{"line":72,"column":74}},"26":{"start":{"line":73,"column":8},"end":{"line":89,"column":9}},"27":{"start":{"line":74,"column":24},"end":{"line":76,"column":11}},"28":{"start":{"line":78,"column":10},"end":{"line":82,"column":55}},"29":{"start":{"line":84,"column":10},"end":{"line":88,"column":57}},"30":{"start":{"line":91,"column":22},"end":{"line":91,"column":84}},"31":{"start":{"line":92,"column":8},"end":{"line":108,"column":9}},"32":{"start":{"line":93,"column":24},"end":{"line":95,"column":11}},"33":{"start":{"line":97,"column":10},"end":{"line":101,"column":55}},"34":{"start":{"line":103,"column":10},"end":{"line":107,"column":57}},"35":{"start":{"line":111,"column":6},"end":{"line":115,"column":9}},"36":{"start":{"line":118,"column":4},"end":{"line":118,"column":64}},"37":{"start":{"line":120,"column":4},"end":{"line":124,"column":6}},"38":{"start":{"line":126,"column":4},"end":{"line":126,"column":37}},"39":{"start":{"line":127,"column":4},"end":{"line":133,"column":6}},"40":{"start":{"line":134,"column":4},"end":{"line":134,"column":16}},"41":{"start":{"line":138,"column":0},"end":{"line":138,"column":25}}},"fnMap":{"0":{"name":"clone","decl":{"start":{"line":1,"column":9},"end":{"line":1,"column":14}},"loc":{"start":{"line":1,"column":22},"end":{"line":3,"column":1}},"line":1},"1":{"name":"deriveMostRecentTimes","decl":{"start":{"line":5,"column":9},"end":{"line":5,"column":30}},"loc":{"start":{"line":5,"column":40},"end":{"line":34,"column":1}},"line":5},"2":{"name":"run","decl":{"start":{"line":49,"column":15},"end":{"line":49,"column":18}},"loc":{"start":{"line":49,"column":28},"end":{"line":136,"column":1}},"line":49}},"branchMap":{"0":{"loc":{"start":{"line":9,"column":23},"end":{"line":9,"column":36}},"type":"binary-expr","locations":[{"start":{"line":9,"column":23},"end":{"line":9,"column":30}},{"start":{"line":9,"column":34},"end":{"line":9,"column":36}}],"line":9},"1":{"loc":{"start":{"line":11,"column":6},"end":{"line":11,"column":83}},"type":"binary-expr","locations":[{"start":{"line":11,"column":6},"end":{"line":11,"column":26}},{"start":{"line":11,"column":30},"end":{"line":11,"column":55}},{"start":{"line":11,"column":59},"end":{"line":11,"column":75}},{"start":{"line":11,"column":79},"end":{"line":11,"column":83}}],"line":11},"2":{"loc":{"start":{"line":13,"column":31},"end":{"line":13,"column":87}},"type":"binary-expr","locations":[{"start":{"line":13,"column":31},"end":{"line":13,"column":49}},{"start":{"line":13,"column":53},"end":{"line":13,"column":81}},{"start":{"line":13,"column":85},"end":{"line":13,"column":87}}],"line":13},"3":{"loc":{"start":{"line":15,"column":4},"end":{"line":17,"column":5}},"type":"if","locations":[{"start":{"line":15,"column":4},"end":{"line":17,"column":5}},{"start":{},"end":{}}],"line":15},"4":{"loc":{"start":{"line":19,"column":4},"end":{"line":21,"column":5}},"type":"if","locations":[{"start":{"line":19,"column":4},"end":{"line":21,"column":5}},{"start":{},"end":{}}],"line":19},"5":{"loc":{"start":{"line":19,"column":8},"end":{"line":19,"column":75}},"type":"binary-expr","locations":[{"start":{"line":19,"column":8},"end":{"line":19,"column":32}},{"start":{"line":19,"column":36},"end":{"line":19,"column":75}}],"line":19},"6":{"loc":{"start":{"line":23,"column":4},"end":{"line":27,"column":5}},"type":"if","locations":[{"start":{"line":23,"column":4},"end":{"line":27,"column":5}},{"start":{},"end":{}}],"line":23},"7":{"loc":{"start":{"line":24,"column":6},"end":{"line":26,"column":7}},"type":"if","locations":[{"start":{"line":24,"column":6},"end":{"line":26,"column":7}},{"start":{},"end":{}}],"line":24},"8":{"loc":{"start":{"line":24,"column":10},"end":{"line":24,"column":81}},"type":"binary-expr","locations":[{"start":{"line":24,"column":10},"end":{"line":24,"column":36}},{"start":{"line":24,"column":40},"end":{"line":24,"column":81}}],"line":24},"9":{"loc":{"start":{"line":53,"column":4},"end":{"line":62,"column":5}},"type":"if","locations":[{"start":{"line":53,"column":4},"end":{"line":62,"column":5}},{"start":{},"end":{}}],"line":53},"10":{"loc":{"start":{"line":53,"column":8},"end":{"line":53,"column":29}},"type":"binary-expr","locations":[{"start":{"line":53,"column":8},"end":{"line":53,"column":19}},{"start":{"line":53,"column":23},"end":{"line":53,"column":29}}],"line":53},"11":{"loc":{"start":{"line":67,"column":22},"end":{"line":67,"column":65}},"type":"binary-expr","locations":[{"start":{"line":67,"column":22},"end":{"line":67,"column":59}},{"start":{"line":67,"column":63},"end":{"line":67,"column":65}}],"line":67},"12":{"loc":{"start":{"line":71,"column":34},"end":{"line":71,"column":61}},"type":"binary-expr","locations":[{"start":{"line":71,"column":34},"end":{"line":71,"column":55}},{"start":{"line":71,"column":59},"end":{"line":71,"column":61}}],"line":71},"13":{"loc":{"start":{"line":73,"column":8},"end":{"line":89,"column":9}},"type":"if","locations":[{"start":{"line":73,"column":8},"end":{"line":89,"column":9}},{"start":{},"end":{}}],"line":73},"14":{"loc":{"start":{"line":75,"column":12},"end":{"line":75,"column":100}},"type":"binary-expr","locations":[{"start":{"line":75,"column":12},"end":{"line":75,"column":94}},{"start":{"line":75,"column":98},"end":{"line":75,"column":100}}],"line":75},"15":{"loc":{"start":{"line":79,"column":12},"end":{"line":82,"column":54}},"type":"binary-expr","locations":[{"start":{"line":79,"column":12},"end":{"line":82,"column":27}},{"start":{"line":82,"column":31},"end":{"line":82,"column":54}}],"line":79},"16":{"loc":{"start":{"line":85,"column":12},"end":{"line":88,"column":56}},"type":"binary-expr","locations":[{"start":{"line":85,"column":12},"end":{"line":88,"column":27}},{"start":{"line":88,"column":31},"end":{"line":88,"column":56}}],"line":85},"17":{"loc":{"start":{"line":92,"column":8},"end":{"line":108,"column":9}},"type":"if","locations":[{"start":{"line":92,"column":8},"end":{"line":108,"column":9}},{"start":{},"end":{}}],"line":92},"18":{"loc":{"start":{"line":94,"column":12},"end":{"line":94,"column":69}},"type":"binary-expr","locations":[{"start":{"line":94,"column":12},"end":{"line":94,"column":63}},{"start":{"line":94,"column":67},"end":{"line":94,"column":69}}],"line":94},"19":{"loc":{"start":{"line":98,"column":12},"end":{"line":101,"column":54}},"type":"binary-expr","locations":[{"start":{"line":98,"column":12},"end":{"line":101,"column":27}},{"start":{"line":101,"column":31},"end":{"line":101,"column":54}}],"line":98},"20":{"loc":{"start":{"line":104,"column":12},"end":{"line":107,"column":56}},"type":"binary-expr","locations":[{"start":{"line":104,"column":12},"end":{"line":107,"column":27}},{"start":{"line":107,"column":31},"end":{"line":107,"column":56}}],"line":104},"21":{"loc":{"start":{"line":130,"column":15},"end":{"line":130,"column":37}},"type":"binary-expr","locations":[{"start":{"line":130,"column":15},"end":{"line":130,"column":28}},{"start":{"line":130,"column":32},"end":{"line":130,"column":37}}],"line":130}},"s":{"0":4,"1":1,"2":1,"3":1,"4":2,"5":2,"6":2,"7":0,"8":2,"9":2,"10":2,"11":1,"12":1,"13":1,"14":7,"15":7,"16":7,"17":3,"18":3,"19":4,"20":4,"21":4,"22":3,"23":3,"24":3,"25":1,"26":1,"27":1,"28":1,"29":1,"30":1,"31":1,"32":0,"33":0,"34":0,"35":3,"36":4,"37":4,"38":3,"39":3,"40":3,"41":1},"f":{"0":4,"1":1,"2":7},"b":{"0":[1,0],"1":[2,0,0,0],"2":[2,0,0],"3":[0,2],"4":[2,0],"5":[2,1],"6":[1,1],"7":[1,0],"8":[1,0],"9":[3,4],"10":[7,5],"11":[4,1],"12":[3,0],"13":[1,0],"14":[1,0],"15":[1,0],"16":[1,0],"17":[0,1],"18":[0,0],"19":[0,0],"20":[0,0],"21":[3,0]},"_coverageSchema":"1a1c01bbd47fc00a2c39e90264f33305004495a9","hash":"3edcc791953b673546c6135967baee12937a84fa"}
,"/workspaces/DevicePerformanceManagementDataProcessor/server/specificFunctions/p1StreamPmData/p1UpdateMwdiReplica/P1UpdateMwdiReplica.js": {"path":"/workspaces/DevicePerformanceManagementDataProcessor/server/specificFunctions/p1StreamPmData/p1UpdateMwdiReplica/P1UpdateMwdiReplica.js","statementMap":{"0":{"start":{"line":1,"column":19},"end":{"line":1,"column":59}},"1":{"start":{"line":2,"column":33},"end":{"line":2,"column":71}},"2":{"start":{"line":3,"column":22},"end":{"line":3,"column":53}},"3":{"start":{"line":4,"column":19},"end":{"line":4,"column":67}},"4":{"start":{"line":33,"column":6},"end":{"line":33,"column":13}},"5":{"start":{"line":35,"column":2},"end":{"line":39,"column":3}},"6":{"start":{"line":36,"column":4},"end":{"line":38,"column":6}},"7":{"start":{"line":41,"column":23},"end":{"line":46,"column":3}},"8":{"start":{"line":48,"column":24},"end":{"line":53,"column":3}},"9":{"start":{"line":55,"column":24},"end":{"line":60,"column":3}},"10":{"start":{"line":62,"column":18},"end":{"line":67,"column":3}},"11":{"start":{"line":69,"column":27},"end":{"line":74,"column":3}},"12":{"start":{"line":76,"column":20},"end":{"line":78,"column":3}},"13":{"start":{"line":80,"column":20},"end":{"line":82,"column":3}},"14":{"start":{"line":84,"column":21},"end":{"line":86,"column":3}},"15":{"start":{"line":89,"column":4},"end":{"line":91,"column":11}},"16":{"start":{"line":93,"column":14},"end":{"line":93,"column":24}},"17":{"start":{"line":94,"column":24},"end":{"line":96,"column":21}},"18":{"start":{"line":98,"column":26},"end":{"line":98,"column":70}},"19":{"start":{"line":99,"column":24},"end":{"line":99,"column":46}},"20":{"start":{"line":101,"column":22},"end":{"line":101,"column":31}},"21":{"start":{"line":103,"column":2},"end":{"line":158,"column":3}},"22":{"start":{"line":104,"column":4},"end":{"line":151,"column":6}},"23":{"start":{"line":106,"column":9},"end":{"line":145,"column":10}},"24":{"start":{"line":153,"column":4},"end":{"line":153,"column":51}},"25":{"start":{"line":154,"column":4},"end":{"line":157,"column":23}},"26":{"start":{"line":164,"column":26},"end":{"line":201,"column":6}},"27":{"start":{"line":166,"column":7},"end":{"line":187,"column":10}},"28":{"start":{"line":194,"column":6},"end":{"line":200,"column":8}},"29":{"start":{"line":203,"column":28},"end":{"line":208,"column":20}},"30":{"start":{"line":205,"column":18},"end":{"line":205,"column":35}},"31":{"start":{"line":206,"column":6},"end":{"line":206,"column":71}},"32":{"start":{"line":210,"column":2},"end":{"line":210,"column":39}},"33":{"start":{"line":211,"column":2},"end":{"line":218,"column":4}},"34":{"start":{"line":220,"column":20},"end":{"line":220,"column":33}},"35":{"start":{"line":222,"column":4},"end":{"line":253,"column":7}},"36":{"start":{"line":224,"column":10},"end":{"line":239,"column":12}},"37":{"start":{"line":246,"column":6},"end":{"line":252,"column":8}},"38":{"start":{"line":255,"column":2},"end":{"line":258,"column":4}},"39":{"start":{"line":261,"column":0},"end":{"line":261,"column":25}}},"fnMap":{"0":{"name":"run","decl":{"start":{"line":24,"column":15},"end":{"line":24,"column":18}},"loc":{"start":{"line":24,"column":28},"end":{"line":259,"column":1}},"line":24},"1":{"name":"(anonymous_1)","decl":{"start":{"line":105,"column":8},"end":{"line":105,"column":9}},"loc":{"start":{"line":106,"column":9},"end":{"line":145,"column":10}},"line":106},"2":{"name":"(anonymous_2)","decl":{"start":{"line":157,"column":13},"end":{"line":157,"column":14}},"loc":{"start":{"line":157,"column":19},"end":{"line":157,"column":21}},"line":157},"3":{"name":"(anonymous_3)","decl":{"start":{"line":165,"column":6},"end":{"line":165,"column":7}},"loc":{"start":{"line":166,"column":7},"end":{"line":187,"column":10}},"line":166},"4":{"name":"(anonymous_4)","decl":{"start":{"line":193,"column":10},"end":{"line":193,"column":11}},"loc":{"start":{"line":193,"column":21},"end":{"line":201,"column":5}},"line":193},"5":{"name":"(anonymous_5)","decl":{"start":{"line":204,"column":9},"end":{"line":204,"column":10}},"loc":{"start":{"line":204,"column":18},"end":{"line":207,"column":5}},"line":204},"6":{"name":"(anonymous_6)","decl":{"start":{"line":223,"column":8},"end":{"line":223,"column":9}},"loc":{"start":{"line":224,"column":10},"end":{"line":239,"column":12}},"line":224},"7":{"name":"(anonymous_7)","decl":{"start":{"line":245,"column":12},"end":{"line":245,"column":13}},"loc":{"start":{"line":245,"column":23},"end":{"line":253,"column":5}},"line":245}},"branchMap":{"0":{"loc":{"start":{"line":35,"column":2},"end":{"line":39,"column":3}},"type":"if","locations":[{"start":{"line":35,"column":2},"end":{"line":39,"column":3}},{"start":{},"end":{}}],"line":35},"1":{"loc":{"start":{"line":35,"column":6},"end":{"line":35,"column":78}},"type":"binary-expr","locations":[{"start":{"line":35,"column":6},"end":{"line":35,"column":17}},{"start":{"line":35,"column":21},"end":{"line":35,"column":34}},{"start":{"line":35,"column":38},"end":{"line":35,"column":58}},{"start":{"line":35,"column":62},"end":{"line":35,"column":78}}],"line":35},"2":{"loc":{"start":{"line":94,"column":24},"end":{"line":96,"column":21}},"type":"cond-expr","locations":[{"start":{"line":95,"column":6},"end":{"line":95,"column":41}},{"start":{"line":96,"column":6},"end":{"line":96,"column":21}}],"line":94},"3":{"loc":{"start":{"line":153,"column":27},"end":{"line":153,"column":49}},"type":"binary-expr","locations":[{"start":{"line":153,"column":27},"end":{"line":153,"column":40}},{"start":{"line":153,"column":44},"end":{"line":153,"column":49}}],"line":153},"4":{"loc":{"start":{"line":197,"column":17},"end":{"line":197,"column":39}},"type":"binary-expr","locations":[{"start":{"line":197,"column":17},"end":{"line":197,"column":30}},{"start":{"line":197,"column":34},"end":{"line":197,"column":39}}],"line":197},"5":{"loc":{"start":{"line":203,"column":30},"end":{"line":203,"column":82}},"type":"binary-expr","locations":[{"start":{"line":203,"column":30},"end":{"line":203,"column":76}},{"start":{"line":203,"column":80},"end":{"line":203,"column":82}}],"line":203},"6":{"loc":{"start":{"line":203,"column":31},"end":{"line":203,"column":70}},"type":"binary-expr","locations":[{"start":{"line":203,"column":31},"end":{"line":203,"column":64}},{"start":{"line":203,"column":68},"end":{"line":203,"column":70}}],"line":203},"7":{"loc":{"start":{"line":203,"column":32},"end":{"line":203,"column":53}},"type":"binary-expr","locations":[{"start":{"line":203,"column":32},"end":{"line":203,"column":47}},{"start":{"line":203,"column":51},"end":{"line":203,"column":53}}],"line":203},"8":{"loc":{"start":{"line":205,"column":18},"end":{"line":205,"column":35}},"type":"binary-expr","locations":[{"start":{"line":205,"column":18},"end":{"line":205,"column":29}},{"start":{"line":205,"column":33},"end":{"line":205,"column":35}}],"line":205},"9":{"loc":{"start":{"line":206,"column":13},"end":{"line":206,"column":70}},"type":"binary-expr","locations":[{"start":{"line":206,"column":13},"end":{"line":206,"column":26}},{"start":{"line":206,"column":30},"end":{"line":206,"column":47}},{"start":{"line":206,"column":51},"end":{"line":206,"column":59}},{"start":{"line":206,"column":63},"end":{"line":206,"column":70}}],"line":206},"10":{"loc":{"start":{"line":214,"column":17},"end":{"line":214,"column":78}},"type":"binary-expr","locations":[{"start":{"line":214,"column":18},"end":{"line":214,"column":70}},{"start":{"line":214,"column":75},"end":{"line":214,"column":78}}],"line":214},"11":{"loc":{"start":{"line":214,"column":19},"end":{"line":214,"column":52}},"type":"binary-expr","locations":[{"start":{"line":214,"column":19},"end":{"line":214,"column":46}},{"start":{"line":214,"column":50},"end":{"line":214,"column":52}}],"line":214},"12":{"loc":{"start":{"line":214,"column":20},"end":{"line":214,"column":39}},"type":"binary-expr","locations":[{"start":{"line":214,"column":20},"end":{"line":214,"column":33}},{"start":{"line":214,"column":37},"end":{"line":214,"column":39}}],"line":214},"13":{"loc":{"start":{"line":215,"column":15},"end":{"line":215,"column":73}},"type":"binary-expr","locations":[{"start":{"line":215,"column":16},"end":{"line":215,"column":66}},{"start":{"line":215,"column":71},"end":{"line":215,"column":73}}],"line":215},"14":{"loc":{"start":{"line":215,"column":17},"end":{"line":215,"column":50}},"type":"binary-expr","locations":[{"start":{"line":215,"column":17},"end":{"line":215,"column":44}},{"start":{"line":215,"column":48},"end":{"line":215,"column":50}}],"line":215},"15":{"loc":{"start":{"line":215,"column":18},"end":{"line":215,"column":37}},"type":"binary-expr","locations":[{"start":{"line":215,"column":18},"end":{"line":215,"column":31}},{"start":{"line":215,"column":35},"end":{"line":215,"column":37}}],"line":215},"16":{"loc":{"start":{"line":230,"column":28},"end":{"line":230,"column":59}},"type":"binary-expr","locations":[{"start":{"line":230,"column":28},"end":{"line":230,"column":54}},{"start":{"line":230,"column":58},"end":{"line":230,"column":59}}],"line":230},"17":{"loc":{"start":{"line":231,"column":25},"end":{"line":231,"column":56}},"type":"binary-expr","locations":[{"start":{"line":231,"column":25},"end":{"line":231,"column":51}},{"start":{"line":231,"column":55},"end":{"line":231,"column":56}}],"line":231},"18":{"loc":{"start":{"line":232,"column":23},"end":{"line":232,"column":52}},"type":"binary-expr","locations":[{"start":{"line":232,"column":23},"end":{"line":232,"column":47}},{"start":{"line":232,"column":51},"end":{"line":232,"column":52}}],"line":232},"19":{"loc":{"start":{"line":249,"column":17},"end":{"line":249,"column":39}},"type":"binary-expr","locations":[{"start":{"line":249,"column":17},"end":{"line":249,"column":30}},{"start":{"line":249,"column":34},"end":{"line":249,"column":39}}],"line":249}},"s":{"0":1,"1":1,"2":1,"3":1,"4":3,"5":3,"6":1,"7":2,"8":2,"9":2,"10":2,"11":2,"12":2,"13":2,"14":2,"15":2,"16":2,"17":2,"18":2,"19":2,"20":2,"21":2,"22":2,"23":2,"24":1,"25":1,"26":2,"27":2,"28":0,"29":2,"30":2,"31":2,"32":2,"33":2,"34":2,"35":2,"36":2,"37":0,"38":2,"39":1},"f":{"0":3,"1":2,"2":0,"3":2,"4":0,"5":2,"6":2,"7":0},"b":{"0":[1,2],"1":[3,2,2,2],"2":[0,2],"3":[1,0],"4":[0,0],"5":[2,0],"6":[2,0],"7":[2,0],"8":[2,0],"9":[2,1,1,0],"10":[2,2],"11":[2,2],"12":[2,0],"13":[2,2],"14":[2,2],"15":[2,0],"16":[2,1],"17":[2,1],"18":[2,1],"19":[0,0]},"_coverageSchema":"1a1c01bbd47fc00a2c39e90264f33305004495a9","hash":"1cd90736da739968831ea85d0e64d5c94872a870"}
,"/workspaces/DevicePerformanceManagementDataProcessor/server/utils/retry.js": {"path":"/workspaces/DevicePerformanceManagementDataProcessor/server/utils/retry.js","statementMap":{"0":{"start":{"line":2,"column":4},"end":{"line":2,"column":61}},"1":{"start":{"line":2,"column":36},"end":{"line":2,"column":59}},"2":{"start":{"line":11,"column":8},"end":{"line":11,"column":21}},"3":{"start":{"line":13,"column":18},"end":{"line":13,"column":19}},"4":{"start":{"line":15,"column":4},"end":{"line":37,"column":5}},"5":{"start":{"line":16,"column":8},"end":{"line":16,"column":21}},"6":{"start":{"line":18,"column":8},"end":{"line":36,"column":9}},"7":{"start":{"line":19,"column":12},"end":{"line":19,"column":32}},"8":{"start":{"line":21,"column":12},"end":{"line":29,"column":14}},"9":{"start":{"line":31,"column":12},"end":{"line":33,"column":13}},"10":{"start":{"line":32,"column":16},"end":{"line":32,"column":28}},"11":{"start":{"line":35,"column":12},"end":{"line":35,"column":41}},"12":{"start":{"line":40,"column":0},"end":{"line":43,"column":2}}},"fnMap":{"0":{"name":"sleep","decl":{"start":{"line":1,"column":9},"end":{"line":1,"column":14}},"loc":{"start":{"line":1,"column":19},"end":{"line":3,"column":1}},"line":1},"1":{"name":"(anonymous_1)","decl":{"start":{"line":2,"column":23},"end":{"line":2,"column":24}},"loc":{"start":{"line":2,"column":36},"end":{"line":2,"column":59}},"line":2},"2":{"name":"withRetry","decl":{"start":{"line":5,"column":15},"end":{"line":5,"column":24}},"loc":{"start":{"line":5,"column":40},"end":{"line":38,"column":1}},"line":5}},"branchMap":{"0":{"loc":{"start":{"line":7,"column":8},"end":{"line":7,"column":32}},"type":"default-arg","locations":[{"start":{"line":7,"column":16},"end":{"line":7,"column":32}}],"line":7},"1":{"loc":{"start":{"line":8,"column":8},"end":{"line":8,"column":31}},"type":"default-arg","locations":[{"start":{"line":8,"column":26},"end":{"line":8,"column":31}}],"line":8},"2":{"loc":{"start":{"line":9,"column":8},"end":{"line":9,"column":23}},"type":"default-arg","locations":[{"start":{"line":9,"column":22},"end":{"line":9,"column":23}}],"line":9},"3":{"loc":{"start":{"line":10,"column":8},"end":{"line":10,"column":24}},"type":"default-arg","locations":[{"start":{"line":10,"column":17},"end":{"line":10,"column":24}}],"line":10},"4":{"loc":{"start":{"line":11,"column":8},"end":{"line":11,"column":21}},"type":"binary-expr","locations":[{"start":{"line":11,"column":8},"end":{"line":11,"column":15}},{"start":{"line":11,"column":19},"end":{"line":11,"column":21}}],"line":11},"5":{"loc":{"start":{"line":26,"column":27},"end":{"line":26,"column":57}},"type":"binary-expr","locations":[{"start":{"line":26,"column":27},"end":{"line":26,"column":40}},{"start":{"line":26,"column":44},"end":{"line":26,"column":57}}],"line":26},"6":{"loc":{"start":{"line":31,"column":12},"end":{"line":33,"column":13}},"type":"if","locations":[{"start":{"line":31,"column":12},"end":{"line":33,"column":13}},{"start":{},"end":{}}],"line":31}},"s":{"0":0,"1":0,"2":0,"3":0,"4":0,"5":0,"6":0,"7":0,"8":0,"9":0,"10":0,"11":0,"12":1},"f":{"0":0,"1":0,"2":0},"b":{"0":[0],"1":[0],"2":[0],"3":[0],"4":[0,0],"5":[0,0],"6":[0,0]},"_coverageSchema":"1a1c01bbd47fc00a2c39e90264f33305004495a9","hash":"9b5cc37addeb806a4095bf07683e04b1c6242d88"}
}
