{"/workspaces/DevicePerformanceManagementDataProcessor/server/genericFunctions/p1FieldsFilter/P1FieldsFilter.js": {"path":"/workspaces/DevicePerformanceManagementDataProcessor/server/genericFunctions/p1FieldsFilter/P1FieldsFilter.js","statementMap":{"0":{"start":{"line":1,"column":30},"end":{"line":1,"column":65}},"1":{"start":{"line":16,"column":2},"end":{"line":18,"column":3}},"2":{"start":{"line":17,"column":4},"end":{"line":17,"column":50}},"3":{"start":{"line":20,"column":32},"end":{"line":23,"column":3}},"4":{"start":{"line":25,"column":2},"end":{"line":25,"column":35}},"5":{"start":{"line":28,"column":0},"end":{"line":28,"column":25}}},"fnMap":{"0":{"name":"run","decl":{"start":{"line":15,"column":15},"end":{"line":15,"column":18}},"loc":{"start":{"line":15,"column":28},"end":{"line":26,"column":1}},"line":15}},"branchMap":{"0":{"loc":{"start":{"line":16,"column":2},"end":{"line":18,"column":3}},"type":"if","locations":[{"start":{"line":16,"column":2},"end":{"line":18,"column":3}},{"start":{},"end":{}}],"line":16},"1":{"loc":{"start":{"line":22,"column":4},"end":{"line":22,"column":36}},"type":"binary-expr","locations":[{"start":{"line":22,"column":4},"end":{"line":22,"column":30}},{"start":{"line":22,"column":34},"end":{"line":22,"column":36}}],"line":22}},"s":{"0":1,"1":5,"2":1,"3":4,"4":4,"5":1},"f":{"0":5},"b":{"0":[1,4],"1":[4,2]},"_coverageSchema":"1a1c01bbd47fc00a2c39e90264f33305004495a9","hash":"0ea88d7cff81a5114ac1ef159c0587266450f734"}
,"/workspaces/DevicePerformanceManagementDataProcessor/server/specificFunctions/p1StreamPmData/p1UpdateMwdiReplica/P1UpdateMwdiReplica.js": {"path":"/workspaces/DevicePerformanceManagementDataProcessor/server/specificFunctions/p1StreamPmData/p1UpdateMwdiReplica/P1UpdateMwdiReplica.js","statementMap":{"0":{"start":{"line":1,"column":19},"end":{"line":1,"column":59}},"1":{"start":{"line":2,"column":33},"end":{"line":2,"column":71}},"2":{"start":{"line":3,"column":22},"end":{"line":3,"column":53}},"3":{"start":{"line":4,"column":19},"end":{"line":4,"column":67}},"4":{"start":{"line":33,"column":6},"end":{"line":33,"column":13}},"5":{"start":{"line":35,"column":2},"end":{"line":39,"column":3}},"6":{"start":{"line":36,"column":4},"end":{"line":38,"column":6}},"7":{"start":{"line":41,"column":23},"end":{"line":46,"column":3}},"8":{"start":{"line":48,"column":24},"end":{"line":53,"column":3}},"9":{"start":{"line":55,"column":24},"end":{"line":60,"column":3}},"10":{"start":{"line":62,"column":18},"end":{"line":67,"column":3}},"11":{"start":{"line":69,"column":27},"end":{"line":74,"column":3}},"12":{"start":{"line":76,"column":20},"end":{"line":78,"column":3}},"13":{"start":{"line":80,"column":20},"end":{"line":82,"column":3}},"14":{"start":{"line":84,"column":21},"end":{"line":86,"column":3}},"15":{"start":{"line":89,"column":4},"end":{"line":91,"column":11}},"16":{"start":{"line":93,"column":14},"end":{"line":93,"column":24}},"17":{"start":{"line":94,"column":24},"end":{"line":96,"column":21}},"18":{"start":{"line":98,"column":26},"end":{"line":98,"column":70}},"19":{"start":{"line":99,"column":24},"end":{"line":99,"column":46}},"20":{"start":{"line":101,"column":22},"end":{"line":101,"column":31}},"21":{"start":{"line":103,"column":2},"end":{"line":158,"column":3}},"22":{"start":{"line":104,"column":4},"end":{"line":151,"column":6}},"23":{"start":{"line":106,"column":9},"end":{"line":145,"column":10}},"24":{"start":{"line":153,"column":4},"end":{"line":153,"column":51}},"25":{"start":{"line":154,"column":4},"end":{"line":157,"column":23}},"26":{"start":{"line":164,"column":26},"end":{"line":201,"column":6}},"27":{"start":{"line":166,"column":7},"end":{"line":187,"column":10}},"28":{"start":{"line":194,"column":6},"end":{"line":200,"column":8}},"29":{"start":{"line":203,"column":28},"end":{"line":208,"column":20}},"30":{"start":{"line":205,"column":18},"end":{"line":205,"column":35}},"31":{"start":{"line":206,"column":6},"end":{"line":206,"column":71}},"32":{"start":{"line":210,"column":2},"end":{"line":210,"column":39}},"33":{"start":{"line":211,"column":2},"end":{"line":218,"column":4}},"34":{"start":{"line":220,"column":20},"end":{"line":220,"column":33}},"35":{"start":{"line":222,"column":4},"end":{"line":253,"column":7}},"36":{"start":{"line":224,"column":10},"end":{"line":239,"column":12}},"37":{"start":{"line":246,"column":6},"end":{"line":252,"column":8}},"38":{"start":{"line":255,"column":2},"end":{"line":258,"column":4}},"39":{"start":{"line":261,"column":0},"end":{"line":261,"column":25}}},"fnMap":{"0":{"name":"run","decl":{"start":{"line":24,"column":15},"end":{"line":24,"column":18}},"loc":{"start":{"line":24,"column":28},"end":{"line":259,"column":1}},"line":24},"1":{"name":"(anonymous_1)","decl":{"start":{"line":105,"column":8},"end":{"line":105,"column":9}},"loc":{"start":{"line":106,"column":9},"end":{"line":145,"column":10}},"line":106},"2":{"name":"(anonymous_2)","decl":{"start":{"line":157,"column":13},"end":{"line":157,"column":14}},"loc":{"start":{"line":157,"column":19},"end":{"line":157,"column":21}},"line":157},"3":{"name":"(anonymous_3)","decl":{"start":{"line":165,"column":6},"end":{"line":165,"column":7}},"loc":{"start":{"line":166,"column":7},"end":{"line":187,"column":10}},"line":166},"4":{"name":"(anonymous_4)","decl":{"start":{"line":193,"column":10},"end":{"line":193,"column":11}},"loc":{"start":{"line":193,"column":21},"end":{"line":201,"column":5}},"line":193},"5":{"name":"(anonymous_5)","decl":{"start":{"line":204,"column":9},"end":{"line":204,"column":10}},"loc":{"start":{"line":204,"column":18},"end":{"line":207,"column":5}},"line":204},"6":{"name":"(anonymous_6)","decl":{"start":{"line":223,"column":8},"end":{"line":223,"column":9}},"loc":{"start":{"line":224,"column":10},"end":{"line":239,"column":12}},"line":224},"7":{"name":"(anonymous_7)","decl":{"start":{"line":245,"column":12},"end":{"line":245,"column":13}},"loc":{"start":{"line":245,"column":23},"end":{"line":253,"column":5}},"line":245}},"branchMap":{"0":{"loc":{"start":{"line":35,"column":2},"end":{"line":39,"column":3}},"type":"if","locations":[{"start":{"line":35,"column":2},"end":{"line":39,"column":3}},{"start":{},"end":{}}],"line":35},"1":{"loc":{"start":{"line":35,"column":6},"end":{"line":35,"column":78}},"type":"binary-expr","locations":[{"start":{"line":35,"column":6},"end":{"line":35,"column":17}},{"start":{"line":35,"column":21},"end":{"line":35,"column":34}},{"start":{"line":35,"column":38},"end":{"line":35,"column":58}},{"start":{"line":35,"column":62},"end":{"line":35,"column":78}}],"line":35},"2":{"loc":{"start":{"line":94,"column":24},"end":{"line":96,"column":21}},"type":"cond-expr","locations":[{"start":{"line":95,"column":6},"end":{"line":95,"column":41}},{"start":{"line":96,"column":6},"end":{"line":96,"column":21}}],"line":94},"3":{"loc":{"start":{"line":153,"column":27},"end":{"line":153,"column":49}},"type":"binary-expr","locations":[{"start":{"line":153,"column":27},"end":{"line":153,"column":40}},{"start":{"line":153,"column":44},"end":{"line":153,"column":49}}],"line":153},"4":{"loc":{"start":{"line":197,"column":17},"end":{"line":197,"column":39}},"type":"binary-expr","locations":[{"start":{"line":197,"column":17},"end":{"line":197,"column":30}},{"start":{"line":197,"column":34},"end":{"line":197,"column":39}}],"line":197},"5":{"loc":{"start":{"line":203,"column":30},"end":{"line":203,"column":82}},"type":"binary-expr","locations":[{"start":{"line":203,"column":30},"end":{"line":203,"column":76}},{"start":{"line":203,"column":80},"end":{"line":203,"column":82}}],"line":203},"6":{"loc":{"start":{"line":203,"column":31},"end":{"line":203,"column":70}},"type":"binary-expr","locations":[{"start":{"line":203,"column":31},"end":{"line":203,"column":64}},{"start":{"line":203,"column":68},"end":{"line":203,"column":70}}],"line":203},"7":{"loc":{"start":{"line":203,"column":32},"end":{"line":203,"column":53}},"type":"binary-expr","locations":[{"start":{"line":203,"column":32},"end":{"line":203,"column":47}},{"start":{"line":203,"column":51},"end":{"line":203,"column":53}}],"line":203},"8":{"loc":{"start":{"line":205,"column":18},"end":{"line":205,"column":35}},"type":"binary-expr","locations":[{"start":{"line":205,"column":18},"end":{"line":205,"column":29}},{"start":{"line":205,"column":33},"end":{"line":205,"column":35}}],"line":205},"9":{"loc":{"start":{"line":206,"column":13},"end":{"line":206,"column":70}},"type":"binary-expr","locations":[{"start":{"line":206,"column":13},"end":{"line":206,"column":26}},{"start":{"line":206,"column":30},"end":{"line":206,"column":47}},{"start":{"line":206,"column":51},"end":{"line":206,"column":59}},{"start":{"line":206,"column":63},"end":{"line":206,"column":70}}],"line":206},"10":{"loc":{"start":{"line":214,"column":17},"end":{"line":214,"column":78}},"type":"binary-expr","locations":[{"start":{"line":214,"column":18},"end":{"line":214,"column":70}},{"start":{"line":214,"column":75},"end":{"line":214,"column":78}}],"line":214},"11":{"loc":{"start":{"line":214,"column":19},"end":{"line":214,"column":52}},"type":"binary-expr","locations":[{"start":{"line":214,"column":19},"end":{"line":214,"column":46}},{"start":{"line":214,"column":50},"end":{"line":214,"column":52}}],"line":214},"12":{"loc":{"start":{"line":214,"column":20},"end":{"line":214,"column":39}},"type":"binary-expr","locations":[{"start":{"line":214,"column":20},"end":{"line":214,"column":33}},{"start":{"line":214,"column":37},"end":{"line":214,"column":39}}],"line":214},"13":{"loc":{"start":{"line":215,"column":15},"end":{"line":215,"column":73}},"type":"binary-expr","locations":[{"start":{"line":215,"column":16},"end":{"line":215,"column":66}},{"start":{"line":215,"column":71},"end":{"line":215,"column":73}}],"line":215},"14":{"loc":{"start":{"line":215,"column":17},"end":{"line":215,"column":50}},"type":"binary-expr","locations":[{"start":{"line":215,"column":17},"end":{"line":215,"column":44}},{"start":{"line":215,"column":48},"end":{"line":215,"column":50}}],"line":215},"15":{"loc":{"start":{"line":215,"column":18},"end":{"line":215,"column":37}},"type":"binary-expr","locations":[{"start":{"line":215,"column":18},"end":{"line":215,"column":31}},{"start":{"line":215,"column":35},"end":{"line":215,"column":37}}],"line":215},"16":{"loc":{"start":{"line":230,"column":28},"end":{"line":230,"column":59}},"type":"binary-expr","locations":[{"start":{"line":230,"column":28},"end":{"line":230,"column":54}},{"start":{"line":230,"column":58},"end":{"line":230,"column":59}}],"line":230},"17":{"loc":{"start":{"line":231,"column":25},"end":{"line":231,"column":56}},"type":"binary-expr","locations":[{"start":{"line":231,"column":25},"end":{"line":231,"column":51}},{"start":{"line":231,"column":55},"end":{"line":231,"column":56}}],"line":231},"18":{"loc":{"start":{"line":232,"column":23},"end":{"line":232,"column":52}},"type":"binary-expr","locations":[{"start":{"line":232,"column":23},"end":{"line":232,"column":47}},{"start":{"line":232,"column":51},"end":{"line":232,"column":52}}],"line":232},"19":{"loc":{"start":{"line":249,"column":17},"end":{"line":249,"column":39}},"type":"binary-expr","locations":[{"start":{"line":249,"column":17},"end":{"line":249,"column":30}},{"start":{"line":249,"column":34},"end":{"line":249,"column":39}}],"line":249}},"s":{"0":1,"1":1,"2":1,"3":1,"4":3,"5":3,"6":1,"7":2,"8":2,"9":2,"10":2,"11":2,"12":2,"13":2,"14":2,"15":2,"16":2,"17":2,"18":2,"19":2,"20":2,"21":2,"22":2,"23":2,"24":1,"25":1,"26":1,"27":1,"28":0,"29":1,"30":2,"31":2,"32":1,"33":1,"34":1,"35":1,"36":1,"37":0,"38":1,"39":1},"f":{"0":3,"1":2,"2":0,"3":1,"4":0,"5":2,"6":1,"7":0},"b":{"0":[1,2],"1":[3,2,2,2],"2":[0,2],"3":[1,0],"4":[0,0],"5":[1,0],"6":[1,0],"7":[1,0],"8":[2,0],"9":[2,1,1,0],"10":[1,1],"11":[1,1],"12":[1,0],"13":[1,1],"14":[1,1],"15":[1,0],"16":[1,0],"17":[1,0],"18":[1,0],"19":[0,0]},"_coverageSchema":"1a1c01bbd47fc00a2c39e90264f33305004495a9","hash":"1cd90736da739968831ea85d0e64d5c94872a870"}
}
