TN:
SF:core/monitoringServer.js
FN:3,startMonitoringServer
FN:11,(anonymous_1)
FN:43,(anonymous_2)
FNF:3
FNH:0
FNDA:0,startMonitoringServer
FNDA:0,(anonymous_1)
FNDA:0,(anonymous_2)
DA:1,1
DA:4,0
DA:5,0
DA:7,0
DA:8,0
DA:11,0
DA:12,0
DA:13,0
DA:14,0
DA:15,0
DA:23,0
DA:26,0
DA:27,0
DA:28,0
DA:36,0
DA:39,0
DA:40,0
DA:43,0
DA:44,0
DA:47,0
DA:50,1
LF:21
LH:2
BRDA:4,0,0,0
BRDA:4,0,1,0
BRDA:4,1,0,0
BRDA:4,1,1,0
BRDA:5,2,0,0
BRDA:5,2,1,0
BRDA:5,3,0,0
BRDA:5,3,1,0
BRDA:7,4,0,0
BRDA:7,4,1,0
BRDA:12,5,0,0
BRDA:12,5,1,0
BRDA:13,6,0,0
BRDA:13,6,1,0
BRDA:17,7,0,0
BRDA:17,7,1,0
BRDA:26,8,0,0
BRDA:26,8,1,0
BRF:18
BRH:0
end_of_record
TN:
SF:genericFunctions/p1FieldsFilter/P1FieldsFilter.js
FN:15,run
FNF:1
FNH:1
FNDA:5,run
DA:1,1
DA:16,5
DA:17,1
DA:20,4
DA:25,4
DA:28,1
LF:6
LH:6
BRDA:16,0,0,1
BRDA:16,0,1,4
BRDA:22,1,0,4
BRDA:22,1,1,2
BRF:4
BRH:4
end_of_record
TN:
SF:infra/redis/redisClient.js
FN:5,buildRedisUrl
FN:13,(anonymous_1)
FN:24,getRedisClient
FN:32,(anonymous_3)
FN:40,(anonymous_4)
FN:44,(anonymous_5)
FNF:6
FNH:0
FNDA:0,buildRedisUrl
FNDA:0,(anonymous_1)
FNDA:0,getRedisClient
FNDA:0,(anonymous_3)
FNDA:0,(anonymous_4)
FNDA:0,(anonymous_5)
DA:1,1
DA:6,0
DA:7,0
DA:10,0
DA:11,0
DA:13,0
DA:16,0
DA:17,0
DA:21,0
DA:25,0
DA:26,0
DA:29,0
DA:33,0
DA:34,0
DA:35,0
DA:40,0
DA:41,0
DA:44,0
DA:45,0
DA:48,0
DA:49,0
DA:52,1
LF:22
LH:2
BRDA:6,0,0,0
BRDA:6,0,1,0
BRDA:10,1,0,0
BRDA:10,1,1,0
BRDA:16,2,0,0
BRDA:16,2,1,0
BRDA:25,3,0,0
BRDA:25,3,1,0
BRDA:25,4,0,0
BRDA:25,4,1,0
BRDA:33,5,0,0
BRDA:33,5,1,0
BRDA:34,6,0,0
BRDA:34,6,1,0
BRDA:41,7,0,0
BRDA:41,7,1,0
BRDA:45,8,0,0
BRDA:45,8,1,0
BRF:18
BRH:0
end_of_record
TN:
SF:infra/redis/redisLock.js
FN:4,acquireLock
FN:11,renewLock
FN:21,releaseLock
FNF:3
FNH:0
FNDA:0,acquireLock
FNDA:0,renewLock
FNDA:0,releaseLock
DA:1,1
DA:2,1
DA:5,0
DA:6,0
DA:7,0
DA:8,0
DA:12,0
DA:13,0
DA:15,0
DA:17,0
DA:18,0
DA:22,0
DA:23,0
DA:25,0
DA:26,0
DA:30,1
LF:16
LH:3
BRDA:8,0,0,0
BRDA:8,0,1,0
BRDA:15,1,0,0
BRDA:15,1,1,0
BRDA:25,2,0,0
BRDA:25,2,1,0
BRF:6
BRH:0
end_of_record
TN:
SF:specificFunctions/p1StreamPmData/P1StreamPmData.js
FN:28,startCleanupLeaderLoop
FN:51,(anonymous_1)
FN:70,run
FN:161,(anonymous_3)
FN:182,(anonymous_4)
FN:202,(anonymous_5)
FNF:6
FNH:1
FNDA:0,startCleanupLeaderLoop
FNDA:0,(anonymous_1)
FNDA:1,run
FNDA:0,(anonymous_3)
FNDA:0,(anonymous_4)
FNDA:0,(anonymous_5)
DA:1,1
DA:2,1
DA:3,1
DA:4,1
DA:5,1
DA:6,1
DA:7,1
DA:8,1
DA:9,1
DA:11,1
DA:12,1
DA:14,1
DA:15,1
DA:16,1
DA:18,1
DA:19,1
DA:20,1
DA:21,1
DA:22,1
DA:24,1
DA:25,1
DA:29,0
DA:30,0
DA:31,0
DA:35,0
DA:36,0
DA:38,0
DA:39,0
DA:40,0
DA:43,0
DA:44,0
DA:51,0
DA:54,0
DA:71,1
DA:73,1
DA:74,1
DA:75,1
DA:77,1
DA:79,1
DA:88,1
DA:92,1
DA:93,1
DA:94,1
DA:95,1
DA:96,1
DA:97,1
DA:99,1
DA:107,1
DA:115,1
DA:123,1
DA:131,1
DA:140,1
DA:142,1
DA:144,1
DA:151,1
DA:161,0
DA:171,1
DA:182,0
DA:195,1
DA:202,0
DA:204,1
DA:211,1
LF:62
LH:47
BRDA:30,0,0,0
BRDA:30,0,1,0
BRDA:38,1,0,0
BRDA:38,1,1,0
BRDA:73,2,0,1
BRDA:73,2,1,0
BRDA:74,3,0,1
BRDA:74,3,1,0
BRDA:75,4,0,1
BRDA:75,4,1,0
BRDA:80,5,0,1
BRDA:80,5,1,1
BRDA:80,6,0,1
BRDA:80,6,1,0
BRDA:80,7,0,1
BRDA:80,7,1,0
BRDA:158,8,0,1
BRDA:158,8,1,1
BRDA:159,9,0,1
BRDA:159,9,1,1
BRDA:160,10,0,1
BRDA:160,10,1,1
BRDA:161,11,0,0
BRDA:161,11,1,0
BRDA:175,12,0,1
BRDA:175,12,1,1
BRDA:180,13,0,1
BRDA:180,13,1,1
BRDA:181,14,0,1
BRDA:181,14,1,1
BRDA:200,15,0,1
BRDA:200,15,1,1
BRDA:201,16,0,1
BRDA:201,16,1,1
BRF:34
BRH:23
end_of_record
TN:
SF:specificFunctions/p1StreamPmData/p1MaintainDs/P1MaintainDs.js
FN:2,run
FNF:1
FNH:0
FNDA:0,run
DA:6,1
LF:1
LH:1
BRF:0
BRH:0
end_of_record
TN:
SF:specificFunctions/p1StreamPmData/p1ProcessDevice/p1CreateResultCc/P1CreateResultCc.js
FN:1,clone
FN:5,deriveMostRecentTimes
FN:49,run
FNF:3
FNH:3
FNDA:4,clone
FNDA:1,deriveMostRecentTimes
FNDA:7,run
DA:2,4
DA:6,1
DA:7,1
DA:9,1
DA:11,2
DA:13,2
DA:15,2
DA:16,0
DA:19,2
DA:20,2
DA:23,2
DA:24,1
DA:25,1
DA:30,1
DA:50,7
DA:51,7
DA:53,7
DA:54,3
DA:61,3
DA:64,4
DA:65,4
DA:67,4
DA:68,3
DA:69,3
DA:71,3
DA:72,1
DA:73,1
DA:74,1
DA:78,1
DA:84,1
DA:91,1
DA:92,1
DA:93,0
DA:97,0
DA:103,0
DA:111,3
DA:118,4
DA:120,4
DA:126,3
DA:127,3
DA:134,3
DA:138,1
LF:42
LH:38
BRDA:9,0,0,1
BRDA:9,0,1,0
BRDA:11,1,0,2
BRDA:11,1,1,0
BRDA:11,1,2,0
BRDA:11,1,3,0
BRDA:13,2,0,2
BRDA:13,2,1,0
BRDA:13,2,2,0
BRDA:15,3,0,0
BRDA:15,3,1,2
BRDA:19,4,0,2
BRDA:19,4,1,0
BRDA:19,5,0,2
BRDA:19,5,1,1
BRDA:23,6,0,1
BRDA:23,6,1,1
BRDA:24,7,0,1
BRDA:24,7,1,0
BRDA:24,8,0,1
BRDA:24,8,1,0
BRDA:53,9,0,3
BRDA:53,9,1,4
BRDA:53,10,0,7
BRDA:53,10,1,5
BRDA:67,11,0,4
BRDA:67,11,1,1
BRDA:71,12,0,3
BRDA:71,12,1,0
BRDA:73,13,0,1
BRDA:73,13,1,0
BRDA:75,14,0,1
BRDA:75,14,1,0
BRDA:79,15,0,1
BRDA:79,15,1,0
BRDA:85,16,0,1
BRDA:85,16,1,0
BRDA:92,17,0,0
BRDA:92,17,1,1
BRDA:94,18,0,0
BRDA:94,18,1,0
BRDA:98,19,0,0
BRDA:98,19,1,0
BRDA:104,20,0,0
BRDA:104,20,1,0
BRDA:130,21,0,3
BRDA:130,21,1,0
BRF:47
BRH:24
end_of_record
TN:
SF:specificFunctions/p1StreamPmData/p1UpdateMwdiReplica/P1UpdateMwdiReplica.js
FN:24,run
FN:105,(anonymous_1)
FN:157,(anonymous_2)
FN:165,(anonymous_3)
FN:193,(anonymous_4)
FN:204,(anonymous_5)
FN:223,(anonymous_6)
FN:245,(anonymous_7)
FNF:8
FNH:5
FNDA:3,run
FNDA:2,(anonymous_1)
FNDA:0,(anonymous_2)
FNDA:2,(anonymous_3)
FNDA:0,(anonymous_4)
FNDA:2,(anonymous_5)
FNDA:2,(anonymous_6)
FNDA:0,(anonymous_7)
DA:1,1
DA:2,1
DA:3,1
DA:4,1
DA:33,3
DA:35,3
DA:36,1
DA:41,2
DA:48,2
DA:55,2
DA:62,2
DA:69,2
DA:76,2
DA:80,2
DA:84,2
DA:89,2
DA:93,2
DA:94,2
DA:98,2
DA:99,2
DA:101,2
DA:103,2
DA:104,2
DA:106,2
DA:153,1
DA:154,1
DA:164,2
DA:166,2
DA:194,0
DA:203,2
DA:205,2
DA:206,2
DA:210,2
DA:211,2
DA:220,2
DA:222,2
DA:224,2
DA:246,0
DA:255,2
DA:261,1
LF:40
LH:38
BRDA:35,0,0,1
BRDA:35,0,1,2
BRDA:35,1,0,3
BRDA:35,1,1,2
BRDA:35,1,2,2
BRDA:35,1,3,2
BRDA:94,2,0,0
BRDA:94,2,1,2
BRDA:153,3,0,1
BRDA:153,3,1,0
BRDA:197,4,0,0
BRDA:197,4,1,0
BRDA:203,5,0,2
BRDA:203,5,1,0
BRDA:203,6,0,2
BRDA:203,6,1,0
BRDA:203,7,0,2
BRDA:203,7,1,0
BRDA:205,8,0,2
BRDA:205,8,1,0
BRDA:206,9,0,2
BRDA:206,9,1,1
BRDA:206,9,2,1
BRDA:206,9,3,0
BRDA:214,10,0,2
BRDA:214,10,1,2
BRDA:214,11,0,2
BRDA:214,11,1,2
BRDA:214,12,0,2
BRDA:214,12,1,0
BRDA:215,13,0,2
BRDA:215,13,1,2
BRDA:215,14,0,2
BRDA:215,14,1,2
BRDA:215,15,0,2
BRDA:215,15,1,0
BRDA:230,16,0,2
BRDA:230,16,1,1
BRDA:231,17,0,2
BRDA:231,17,1,1
BRDA:232,18,0,2
BRDA:232,18,1,1
BRDA:249,19,0,0
BRDA:249,19,1,0
BRF:44
BRH:31
end_of_record
TN:
SF:utils/retry.js
FN:1,sleep
FN:2,(anonymous_1)
FN:5,withRetry
FNF:3
FNH:0
FNDA:0,sleep
FNDA:0,(anonymous_1)
FNDA:0,withRetry
DA:2,0
DA:11,0
DA:13,0
DA:15,0
DA:16,0
DA:18,0
DA:19,0
DA:21,0
DA:31,0
DA:32,0
DA:35,0
DA:40,1
LF:12
LH:1
BRDA:7,0,0,0
BRDA:8,1,0,0
BRDA:9,2,0,0
BRDA:10,3,0,0
BRDA:11,4,0,0
BRDA:11,4,1,0
BRDA:26,5,0,0
BRDA:26,5,1,0
BRDA:31,6,0,0
BRDA:31,6,1,0
BRF:10
BRH:0
end_of_record
