TN:
SF:genericFunctions/p1FieldsFilter/P1FieldsFilter.js
FN:15,run
FNF:1
FNH:1
FNDA:5,run
DA:1,1
DA:16,5
DA:17,1
DA:20,4
DA:25,4
DA:28,1
LF:6
LH:6
BRDA:16,0,0,1
BRDA:16,0,1,4
BRDA:22,1,0,4
BRDA:22,1,1,2
BRF:4
BRH:4
end_of_record
TN:
SF:specificFunctions/p1StreamPmData/p1UpdateMwdiReplica/P1UpdateMwdiReplica.js
FN:24,run
FN:105,(anonymous_1)
FN:157,(anonymous_2)
FN:165,(anonymous_3)
FN:193,(anonymous_4)
FN:204,(anonymous_5)
FN:223,(anonymous_6)
FN:245,(anonymous_7)
FNF:8
FNH:5
FNDA:3,run
FNDA:2,(anonymous_1)
FNDA:0,(anonymous_2)
FNDA:1,(anonymous_3)
FNDA:0,(anonymous_4)
FNDA:2,(anonymous_5)
FNDA:1,(anonymous_6)
FNDA:0,(anonymous_7)
DA:1,1
DA:2,1
DA:3,1
DA:4,1
DA:33,3
DA:35,3
DA:36,1
DA:41,2
DA:48,2
DA:55,2
DA:62,2
DA:69,2
DA:76,2
DA:80,2
DA:84,2
DA:89,2
DA:93,2
DA:94,2
DA:98,2
DA:99,2
DA:101,2
DA:103,2
DA:104,2
DA:106,2
DA:153,1
DA:154,1
DA:164,1
DA:166,1
DA:194,0
DA:203,1
DA:205,2
DA:206,2
DA:210,1
DA:211,1
DA:220,1
DA:222,1
DA:224,1
DA:246,0
DA:255,1
DA:261,1
LF:40
LH:38
BRDA:35,0,0,1
BRDA:35,0,1,2
BRDA:35,1,0,3
BRDA:35,1,1,2
BRDA:35,1,2,2
BRDA:35,1,3,2
BRDA:94,2,0,0
BRDA:94,2,1,2
BRDA:153,3,0,1
BRDA:153,3,1,0
BRDA:197,4,0,0
BRDA:197,4,1,0
BRDA:203,5,0,1
BRDA:203,5,1,0
BRDA:203,6,0,1
BRDA:203,6,1,0
BRDA:203,7,0,1
BRDA:203,7,1,0
BRDA:205,8,0,2
BRDA:205,8,1,0
BRDA:206,9,0,2
BRDA:206,9,1,1
BRDA:206,9,2,1
BRDA:206,9,3,0
BRDA:214,10,0,1
BRDA:214,10,1,1
BRDA:214,11,0,1
BRDA:214,11,1,1
BRDA:214,12,0,1
BRDA:214,12,1,0
BRDA:215,13,0,1
BRDA:215,13,1,1
BRDA:215,14,0,1
BRDA:215,14,1,1
BRDA:215,15,0,1
BRDA:215,15,1,0
BRDA:230,16,0,1
BRDA:230,16,1,0
BRDA:231,17,0,1
BRDA:231,17,1,0
BRDA:232,18,0,1
BRDA:232,18,1,0
BRDA:249,19,0,0
BRDA:249,19,1,0
BRF:44
BRH:28
end_of_record
